2021-11-11 10:53:00,377 ERROR 6896 [-/::1/-/7ms GET /] nodejs.Error: Please set config.keys first
    at Application.get keys [as keys] (C:\Users\Administrator\Desktop\my-blog\node_modules\egg\lib\application.js:266:15)
    at Object.get cookies [as cookies] (C:\Users\Administrator\Desktop\my-blog\node_modules\egg\app\extend\context.js:22:66)
    at Object.get [egg-security#CSRF_SECRET] (C:\Users\Administrator\Desktop\my-blog\node_modules\egg-security\app\extend\context.js:91:35)
    at Object.ensureCsrfSecret (C:\Users\Administrator\Desktop\my-blog\node_modules\egg-security\app\extend\context.js:104:13)
    at csrf (C:\Users\Administrator\Desktop\my-blog\node_modules\egg-security\lib\middlewares\csrf.js:15:11)
    at dispatch (C:\Users\Administrator\Desktop\my-blog\node_modules\egg-security\node_modules\koa-compose\index.js:42:32)
    at C:\Users\Administrator\Desktop\my-blog\node_modules\egg-security\node_modules\koa-compose\index.js:34:12
    at dispatch (C:\Users\Administrator\Desktop\my-blog\node_modules\koa\node_modules\koa-compose\index.js:42:32)
    at session (C:\Users\Administrator\Desktop\my-blog\node_modules\koa-session\index.js:41:13)
    at dispatch (C:\Users\Administrator\Desktop\my-blog\node_modules\koa\node_modules\koa-compose\index.js:42:32)

pid: 6896
hostname: PC-20210112IMNE

2021-11-11 10:54:52,674 ERROR 6896 [-/::1/-/1ms GET /] nodejs.Error: Please set config.keys first
    at Application.get keys [as keys] (C:\Users\Administrator\Desktop\my-blog\node_modules\egg\lib\application.js:266:15)
    at Object.get cookies [as cookies] (C:\Users\Administrator\Desktop\my-blog\node_modules\egg\app\extend\context.js:22:66)
    at Object.get [egg-security#CSRF_SECRET] (C:\Users\Administrator\Desktop\my-blog\node_modules\egg-security\app\extend\context.js:91:35)
    at Object.ensureCsrfSecret (C:\Users\Administrator\Desktop\my-blog\node_modules\egg-security\app\extend\context.js:104:13)
    at csrf (C:\Users\Administrator\Desktop\my-blog\node_modules\egg-security\lib\middlewares\csrf.js:15:11)
    at dispatch (C:\Users\Administrator\Desktop\my-blog\node_modules\egg-security\node_modules\koa-compose\index.js:42:32)
    at C:\Users\Administrator\Desktop\my-blog\node_modules\egg-security\node_modules\koa-compose\index.js:34:12
    at dispatch (C:\Users\Administrator\Desktop\my-blog\node_modules\koa\node_modules\koa-compose\index.js:42:32)
    at session (C:\Users\Administrator\Desktop\my-blog\node_modules\koa-session\index.js:41:13)
    at dispatch (C:\Users\Administrator\Desktop\my-blog\node_modules\koa\node_modules\koa-compose\index.js:42:32)

pid: 6896
hostname: PC-20210112IMNE

2021-11-11 10:55:17,841 ERROR 12384 nodejs.EPERMError: EPERM: operation not permitted, watch
    at FSEvent.FSWatcher._handle.onchange (internal/fs/watchers.js:178:28)
errno: -4048
syscall: "watch"
code: "EPERM"
filename: null
dir: "C:\\Users\\Administrator\\Desktop\\my-blog\\app\\public\\controller"
name: "EPERMError"
pid: 12384
hostname: PC-20210112IMNE

